<?xml version="1.0" encoding="UTF-8"?>
<!-- Generated by org.testng.reporters.JUnitReportReporter -->
<testsuite hostname="DESKTOP-ME0B5PI" failures="0" tests="1" name="com.qa.testscripts.Tc_Khanacademy_002" time="75.659" errors="0" timestamp="2022-12-08T14:12:05 IST" skipped="0">
  <testcase classname="com.qa.testscripts.Tc_Khanacademy_002" name="Search" time="75.659"/>
  <system-out/>
</testsuite> <!-- com.qa.testscripts.Tc_Khanacademy_002 -->
