<?xml version="1.0" encoding="UTF-8"?>
<!-- Generated by org.testng.reporters.JUnitReportReporter -->
<testsuite hostname="DESKTOP-ME0B5PI" failures="0" tests="4" name="com.qa.testscripts.Tc_Tripsearch_001" time="269.721" errors="0" timestamp="2022-12-09T11:17:05 IST" skipped="0">
  <testcase classname="com.qa.testscripts.Tc_Tripsearch_001" name="getTest" time="67.475"/>
  <system-out/>
  <testcase classname="com.qa.testscripts.Tc_Tripsearch_001" name="getTest" time="67.247"/>
  <system-out/>
  <testcase classname="com.qa.testscripts.Tc_Tripsearch_001" name="getTest" time="67.701"/>
  <system-out/>
  <testcase classname="com.qa.testscripts.Tc_Tripsearch_001" name="getTest" time="67.298"/>
  <system-out/>
</testsuite> <!-- com.qa.testscripts.Tc_Tripsearch_001 -->
